<?xml version="1.0" encoding="UTF-8"?>
<!-- Generated by org.testng.reporters.JUnitReportReporter -->
<testsuite name="com.crm.qa.testcases.HomePageTest" tests="5" time="113.631" ignored="0" failures="0" timestamp="01 Sep 2021 10:19:19 GMT" skipped="0" hostname="LAPTOP-BJTB8PP0" errors="0">
  <testcase name="loggedinusertest" time="22.395" classname="com.crm.qa.testcases.HomePageTest"/>
  <testcase name="ClickonDealstest" time="21.623" classname="com.crm.qa.testcases.HomePageTest"/>
  <testcase name="ClickOnContactstest" time="20.754" classname="com.crm.qa.testcases.HomePageTest"/>
  <testcase name="homepagetitletest" time="16.524" classname="com.crm.qa.testcases.HomePageTest"/>
  <testcase name="ClickonTaskstest" time="32.335" classname="com.crm.qa.testcases.HomePageTest"/>
</testsuite> <!-- com.crm.qa.testcases.HomePageTest -->
