<?xml version="1.0" encoding="UTF-8"?>
<!-- Generated by org.testng.reporters.JUnitReportReporter -->
<testsuite name="com.crm.qa.testcases.LoginPageTest" tests="1" time="23.130" ignored="2" failures="0" timestamp="08 Dec 2021 10:42:44 GMT" skipped="0" hostname="LAPTOP-BJTB8PP0" errors="0">
  <testcase name="logintest" time="23.130" classname="com.crm.qa.testcases.LoginPageTest"/>
  <testcase name="crmlogoimgtest" classname="com.crm.qa.testcases.LoginPageTest">
    <skipped/>
  </testcase> <!-- crmlogoimgtest -->
  <testcase name="loginPageTitleTest" classname="com.crm.qa.testcases.LoginPageTest">
    <skipped/>
  </testcase> <!-- loginPageTitleTest -->
</testsuite> <!-- com.crm.qa.testcases.LoginPageTest -->
