<?xml version="1.0" encoding="UTF-8"?>
<!-- Generated by org.testng.reporters.JUnitReportReporter -->
<testsuite name="com.crm.qa.testcases.ContactsPageTest" tests="1" time="76.628" ignored="2" failures="0" timestamp="03 Sep 2021 06:31:53 GMT" skipped="0" hostname="LAPTOP-BJTB8PP0" errors="0">
  <testcase name="ContactsLabelTest" time="76.628" classname="com.crm.qa.testcases.ContactsPageTest"/>
  <testcase name="selectcontactTest" classname="com.crm.qa.testcases.ContactsPageTest">
    <skipped/>
  </testcase> <!-- selectcontactTest -->
  <testcase name="selectmultiplecontactsTest" classname="com.crm.qa.testcases.ContactsPageTest">
    <skipped/>
  </testcase> <!-- selectmultiplecontactsTest -->
</testsuite> <!-- com.crm.qa.testcases.ContactsPageTest -->
