<?xml version="1.0" encoding="UTF-8"?>
<!-- Generated by org.testng.reporters.JUnitReportReporter -->
<testsuite name="com.crm.qa.testcases.NewTest" tests="2" time="0.012" ignored="0" failures="0" timestamp="27 Feb 2021 14:36:23 GMT" skipped="0" hostname="LAPTOP-BJTB8PP0" errors="0">
  <testcase name="Test" time="0.008" classname="com.crm.qa.testcases.NewTest"/>
  <testcase name="Test2" time="0.004" classname="com.crm.qa.testcases.NewTest"/>
</testsuite> <!-- com.crm.qa.testcases.NewTest -->
