<?xml version="1.0" encoding="UTF-8"?>
<!-- Generated by org.testng.reporters.JUnitReportReporter -->
<testsuite name="com.crm.qa.testcases.ContactsPageTest" tests="1" time="68.171" ignored="3" failures="0" timestamp="01 Sep 2021 14:25:09 GMT" skipped="0" hostname="LAPTOP-BJTB8PP0" errors="0">
  <testcase name="selectcontactTest" time="68.171" classname="com.crm.qa.testcases.ContactsPageTest"/>
  <testcase name="createnewcontactTest" classname="com.crm.qa.testcases.ContactsPageTest">
    <skipped/>
  </testcase> <!-- createnewcontactTest -->
  <testcase name="selectmultiplecontactsTest" classname="com.crm.qa.testcases.ContactsPageTest">
    <skipped/>
  </testcase> <!-- selectmultiplecontactsTest -->
  <testcase name="ContactsLabelTest" classname="com.crm.qa.testcases.ContactsPageTest">
    <skipped/>
  </testcase> <!-- ContactsLabelTest -->
</testsuite> <!-- com.crm.qa.testcases.ContactsPageTest -->
