<?xml version="1.0" encoding="UTF-8"?>
<!-- Generated by org.testng.reporters.JUnitReportReporter -->
<testsuite name="com.crm.qa.testcases.LoginPageTest" tests="3" time="90.596" ignored="0" failures="0" timestamp="01 Sep 2021 10:19:19 GMT" skipped="0" hostname="LAPTOP-BJTB8PP0" errors="0">
  <testcase name="loginPageTitleTest" time="11.576" classname="com.crm.qa.testcases.LoginPageTest"/>
  <testcase name="crmlogoimgtest" time="58.966" classname="com.crm.qa.testcases.LoginPageTest"/>
  <testcase name="logintest" time="20.054" classname="com.crm.qa.testcases.LoginPageTest"/>
</testsuite> <!-- com.crm.qa.testcases.LoginPageTest -->
