<?xml version="1.0" encoding="UTF-8"?>
<!-- Generated by org.testng.reporters.JUnitReportReporter -->
<testsuite ignored="0" hostname="LAPTOP-BJTB8PP0" failures="0" tests="3" name="com.crm.qa.testcases.LoginPageTest" time="37.366" errors="0" timestamp="01 Sep 2021 10:29:38 GMT" skipped="0">
  <testcase classname="com.crm.qa.testcases.LoginPageTest" name="logintest" time="15.504"/>
  <testcase classname="com.crm.qa.testcases.LoginPageTest" name="crmlogoimgtest" time="11.581"/>
  <testcase classname="com.crm.qa.testcases.LoginPageTest" name="loginPageTitleTest" time="10.281"/>
</testsuite> <!-- com.crm.qa.testcases.LoginPageTest -->
