<?xml version="1.0" encoding="UTF-8"?>
<!-- Generated by org.testng.reporters.JUnitReportReporter -->
<testsuite ignored="0" hostname="LAPTOP-BJTB8PP0" failures="0" tests="5" name="com.crm.qa.testcases.HomePageTest" time="102.869" errors="0" timestamp="01 Sep 2021 10:29:38 GMT" skipped="0">
  <testcase classname="com.crm.qa.testcases.HomePageTest" name="ClickOnContactstest" time="16.732"/>
  <testcase classname="com.crm.qa.testcases.HomePageTest" name="ClickonDealstest" time="20.068"/>
  <testcase classname="com.crm.qa.testcases.HomePageTest" name="loggedinusertest" time="22.622"/>
  <testcase classname="com.crm.qa.testcases.HomePageTest" name="ClickonTaskstest" time="18.747"/>
  <testcase classname="com.crm.qa.testcases.HomePageTest" name="homepagetitletest" time="24.700"/>
</testsuite> <!-- com.crm.qa.testcases.HomePageTest -->
